[2023-06-01, 07:46:45] /home/u302265335/domains/rainbowcreation.net/public_html/vendor/samerton/i18next/src/i18next.php(180): Translation file not found
[2023-06-01, 07:46:45] /home/u302265335/domains/rainbowcreation.net/public_html/vendor/samerton/i18next/src/i18next.php(180): Uncaught Exception: Translation file not found in /home/u302265335/domains/rainbowcreation.net/public_html/vendor/samerton/i18next/src/i18next.php:180
Stack trace:
#0 /home/u302265335/domains/rainbowcreation.net/public_html/vendor/samerton/i18next/src/i18next.php(63): samerton\i18next\i18next->loadTranslation()
#1 /home/u302265335/domains/rainbowcreation.net/public_html/core/classes/Core/Language.php(218): samerton\i18next\i18next->__construct()
#2 /home/u302265335/domains/rainbowcreation.net/public_html/core/classes/Misc/ErrorHandler.php(119): Language->__construct()
#3 [internal function]: ErrorHandler::catchException()
#4 {main}
  thrown
[2023-06-01, 07:46:47] /home/u302265335/domains/rainbowcreation.net/public_html/vendor/samerton/i18next/src/i18next.php(180): Translation file not found
[2023-06-01, 07:46:47] /home/u302265335/domains/rainbowcreation.net/public_html/vendor/samerton/i18next/src/i18next.php(180): Uncaught Exception: Translation file not found in /home/u302265335/domains/rainbowcreation.net/public_html/vendor/samerton/i18next/src/i18next.php:180
Stack trace:
#0 /home/u302265335/domains/rainbowcreation.net/public_html/vendor/samerton/i18next/src/i18next.php(63): samerton\i18next\i18next->loadTranslation()
#1 /home/u302265335/domains/rainbowcreation.net/public_html/core/classes/Core/Language.php(218): samerton\i18next\i18next->__construct()
#2 /home/u302265335/domains/rainbowcreation.net/public_html/core/classes/Misc/ErrorHandler.php(119): Language->__construct()
#3 [internal function]: ErrorHandler::catchException()
#4 {main}
  thrown
[2023-06-01, 07:46:48] /home/u302265335/domains/rainbowcreation.net/public_html/vendor/samerton/i18next/src/i18next.php(180): Translation file not found
[2023-06-01, 07:46:48] /home/u302265335/domains/rainbowcreation.net/public_html/vendor/samerton/i18next/src/i18next.php(180): Uncaught Exception: Translation file not found in /home/u302265335/domains/rainbowcreation.net/public_html/vendor/samerton/i18next/src/i18next.php:180
Stack trace:
#0 /home/u302265335/domains/rainbowcreation.net/public_html/vendor/samerton/i18next/src/i18next.php(63): samerton\i18next\i18next->loadTranslation()
#1 /home/u302265335/domains/rainbowcreation.net/public_html/core/classes/Core/Language.php(218): samerton\i18next\i18next->__construct()
#2 /home/u302265335/domains/rainbowcreation.net/public_html/core/classes/Misc/ErrorHandler.php(119): Language->__construct()
#3 [internal function]: ErrorHandler::catchException()
#4 {main}
  thrown
[2023-06-01, 07:46:55] /home/u302265335/domains/rainbowcreation.net/public_html/vendor/samerton/i18next/src/i18next.php(180): Translation file not found
[2023-06-01, 07:46:55] /home/u302265335/domains/rainbowcreation.net/public_html/vendor/samerton/i18next/src/i18next.php(180): Uncaught Exception: Translation file not found in /home/u302265335/domains/rainbowcreation.net/public_html/vendor/samerton/i18next/src/i18next.php:180
Stack trace:
#0 /home/u302265335/domains/rainbowcreation.net/public_html/vendor/samerton/i18next/src/i18next.php(63): samerton\i18next\i18next->loadTranslation()
#1 /home/u302265335/domains/rainbowcreation.net/public_html/core/classes/Core/Language.php(218): samerton\i18next\i18next->__construct()
#2 /home/u302265335/domains/rainbowcreation.net/public_html/core/classes/Misc/ErrorHandler.php(119): Language->__construct()
#3 [internal function]: ErrorHandler::catchException()
#4 {main}
  thrown
[2023-06-01, 07:46:56] /home/u302265335/domains/rainbowcreation.net/public_html/vendor/samerton/i18next/src/i18next.php(180): Translation file not found
[2023-06-01, 07:46:56] /home/u302265335/domains/rainbowcreation.net/public_html/vendor/samerton/i18next/src/i18next.php(180): Uncaught Exception: Translation file not found in /home/u302265335/domains/rainbowcreation.net/public_html/vendor/samerton/i18next/src/i18next.php:180
Stack trace:
#0 /home/u302265335/domains/rainbowcreation.net/public_html/vendor/samerton/i18next/src/i18next.php(63): samerton\i18next\i18next->loadTranslation()
#1 /home/u302265335/domains/rainbowcreation.net/public_html/core/classes/Core/Language.php(218): samerton\i18next\i18next->__construct()
#2 /home/u302265335/domains/rainbowcreation.net/public_html/core/classes/Misc/ErrorHandler.php(119): Language->__construct()
#3 [internal function]: ErrorHandler::catchException()
#4 {main}
  thrown
[2023-06-01, 07:47:17] /home/u302265335/domains/rainbowcreation.net/public_html/vendor/samerton/i18next/src/i18next.php(180): Translation file not found
[2023-06-01, 07:47:17] /home/u302265335/domains/rainbowcreation.net/public_html/vendor/samerton/i18next/src/i18next.php(180): Uncaught Exception: Translation file not found in /home/u302265335/domains/rainbowcreation.net/public_html/vendor/samerton/i18next/src/i18next.php:180
Stack trace:
#0 /home/u302265335/domains/rainbowcreation.net/public_html/vendor/samerton/i18next/src/i18next.php(63): samerton\i18next\i18next->loadTranslation()
#1 /home/u302265335/domains/rainbowcreation.net/public_html/core/classes/Core/Language.php(218): samerton\i18next\i18next->__construct()
#2 /home/u302265335/domains/rainbowcreation.net/public_html/core/classes/Misc/ErrorHandler.php(119): Language->__construct()
#3 [internal function]: ErrorHandler::catchException()
#4 {main}
  thrown
[2023-06-21, 07:51:37] /home/u302265335/domains/rainbowcreation.net/public_html/core/classes/Database/DB.php(253): SQLSTATE[HY000]: General error: 2006 MySQL server has gone away
[2023-06-21, 08:45:49] /home/u302265335/domains/rainbowcreation.net/public_html/core/classes/Database/DB.php(253): SQLSTATE[HY000]: General error: 2006 MySQL server has gone away
[2023-06-23, 09:39:45] /home/u302265335/domains/rainbowcreation.net/public_html/core/classes/Database/DB.php(253): SQLSTATE[HY000]: General error: 2006 MySQL server has gone away
[2023-06-25, 13:15:43] /home/u302265335/domains/rainbowcreation.net/public_html/core/classes/Database/DB.php(253): SQLSTATE[HY000]: General error: 2006 MySQL server has gone away
[2023-06-25, 13:18:45] /home/u302265335/domains/rainbowcreation.net/public_html/core/classes/Database/DB.php(253): SQLSTATE[HY000]: General error: 2006 MySQL server has gone away
[2023-06-25, 13:21:46] /home/u302265335/domains/rainbowcreation.net/public_html/core/classes/Database/DB.php(253): SQLSTATE[HY000]: General error: 2006 MySQL server has gone away
[2023-06-25, 20:04:16] /home/u302265335/domains/rainbowcreation.net/public_html/core/classes/Database/DB.php(253): SQLSTATE[HY000]: General error: 2006 MySQL server has gone away
[2023-06-25, 20:34:16] /home/u302265335/domains/rainbowcreation.net/public_html/core/classes/Database/DB.php(253): SQLSTATE[HY000]: General error: 2006 MySQL server has gone away
[2023-06-25, 20:56:43] /home/u302265335/domains/rainbowcreation.net/public_html/core/classes/Database/DB.php(253): SQLSTATE[HY000]: General error: 2006 MySQL server has gone away
[2023-06-26, 05:10:55] /home/u302265335/domains/rainbowcreation.net/public_html/core/classes/Database/DB.php(253): SQLSTATE[HY000]: General error: 2006 MySQL server has gone away
[2023-06-27, 09:10:52] /home/u302265335/domains/rainbowcreation.net/public_html/core/classes/Database/DB.php(253): SQLSTATE[HY000]: General error: 2006 MySQL server has gone away
[2023-06-27, 09:22:53] /home/u302265335/domains/rainbowcreation.net/public_html/core/classes/Database/DB.php(253): SQLSTATE[HY000]: General error: 2006 MySQL server has gone away
[2023-06-27, 09:28:51] /home/u302265335/domains/rainbowcreation.net/public_html/core/classes/Database/DB.php(253): SQLSTATE[HY000]: General error: 2006 MySQL server has gone away
[2023-06-27, 09:46:06] /home/u302265335/domains/rainbowcreation.net/public_html/core/classes/Database/DB.php(253): SQLSTATE[HY000]: General error: 2006 MySQL server has gone away
[2023-06-27, 09:52:51] /home/u302265335/domains/rainbowcreation.net/public_html/core/classes/Database/DB.php(253): SQLSTATE[HY000]: General error: 2006 MySQL server has gone away
[2023-06-27, 10:04:51] /home/u302265335/domains/rainbowcreation.net/public_html/core/classes/Database/DB.php(253): SQLSTATE[HY000]: General error: 2006 MySQL server has gone away
[2023-06-27, 10:07:51] /home/u302265335/domains/rainbowcreation.net/public_html/core/classes/Database/DB.php(253): SQLSTATE[HY000]: General error: 2006 MySQL server has gone away
[2023-06-27, 10:10:54] /home/u302265335/domains/rainbowcreation.net/public_html/core/classes/Database/DB.php(253): SQLSTATE[HY000]: General error: 2006 MySQL server has gone away
[2023-06-27, 10:34:52] /home/u302265335/domains/rainbowcreation.net/public_html/core/classes/Database/DB.php(253): SQLSTATE[HY000]: General error: 2006 MySQL server has gone away
[2023-06-27, 10:46:52] /home/u302265335/domains/rainbowcreation.net/public_html/core/classes/Database/DB.php(253): SQLSTATE[HY000]: General error: 2006 MySQL server has gone away
[2023-06-27, 11:04:50] /home/u302265335/domains/rainbowcreation.net/public_html/core/classes/Database/DB.php(253): SQLSTATE[HY000]: General error: 2006 MySQL server has gone away
[2023-06-27, 11:07:17] /home/u302265335/domains/rainbowcreation.net/public_html/core/classes/Database/DB.php(253): SQLSTATE[HY000]: General error: 2006 MySQL server has gone away
[2023-06-27, 11:25:52] /home/u302265335/domains/rainbowcreation.net/public_html/core/classes/Database/DB.php(253): SQLSTATE[HY000]: General error: 2006 MySQL server has gone away
[2023-06-27, 11:31:52] /home/u302265335/domains/rainbowcreation.net/public_html/core/classes/Database/DB.php(253): SQLSTATE[HY000]: General error: 2006 MySQL server has gone away
[2023-06-27, 11:37:52] /home/u302265335/domains/rainbowcreation.net/public_html/core/classes/Database/DB.php(253): SQLSTATE[HY000]: General error: 2006 MySQL server has gone away
[2023-06-27, 11:49:52] /home/u302265335/domains/rainbowcreation.net/public_html/core/classes/Database/DB.php(253): SQLSTATE[HY000]: General error: 2006 MySQL server has gone away
[2023-06-27, 11:52:50] /home/u302265335/domains/rainbowcreation.net/public_html/core/classes/Database/DB.php(253): SQLSTATE[HY000]: General error: 2006 MySQL server has gone away
[2023-06-27, 11:58:52] /home/u302265335/domains/rainbowcreation.net/public_html/core/classes/Database/DB.php(253): SQLSTATE[HY000]: General error: 2006 MySQL server has gone away
[2023-06-27, 12:01:53] /home/u302265335/domains/rainbowcreation.net/public_html/core/classes/Database/DB.php(253): SQLSTATE[HY000]: General error: 2006 MySQL server has gone away
[2023-06-27, 12:07:50] /home/u302265335/domains/rainbowcreation.net/public_html/core/classes/Database/DB.php(253): SQLSTATE[HY000]: General error: 2006 MySQL server has gone away
[2023-06-27, 12:10:49] /home/u302265335/domains/rainbowcreation.net/public_html/core/classes/Database/DB.php(253): SQLSTATE[HY000]: General error: 2006 MySQL server has gone away
[2023-06-27, 12:13:49] /home/u302265335/domains/rainbowcreation.net/public_html/core/classes/Database/DB.php(253): SQLSTATE[HY000]: General error: 2006 MySQL server has gone away
[2023-06-27, 12:16:50] /home/u302265335/domains/rainbowcreation.net/public_html/core/classes/Database/DB.php(253): SQLSTATE[HY000]: General error: 2006 MySQL server has gone away
[2023-06-27, 12:25:52] /home/u302265335/domains/rainbowcreation.net/public_html/core/classes/Database/DB.php(253): SQLSTATE[HY000]: General error: 2006 MySQL server has gone away
[2023-06-27, 12:37:56] /home/u302265335/domains/rainbowcreation.net/public_html/core/classes/Database/DB.php(253): SQLSTATE[HY000]: General error: 2006 MySQL server has gone away
[2023-06-27, 12:58:49] /home/u302265335/domains/rainbowcreation.net/public_html/core/classes/Database/DB.php(253): SQLSTATE[HY000]: General error: 2006 MySQL server has gone away
[2023-06-27, 13:01:51] /home/u302265335/domains/rainbowcreation.net/public_html/core/classes/Database/DB.php(253): SQLSTATE[HY000]: General error: 2006 MySQL server has gone away
[2023-06-27, 13:16:54] /home/u302265335/domains/rainbowcreation.net/public_html/core/classes/Database/DB.php(253): SQLSTATE[HY000]: General error: 2006 MySQL server has gone away
[2023-06-27, 13:25:54] /home/u302265335/domains/rainbowcreation.net/public_html/core/classes/Database/DB.php(253): SQLSTATE[HY000]: General error: 2006 MySQL server has gone away
[2023-06-27, 13:28:52] /home/u302265335/domains/rainbowcreation.net/public_html/core/classes/Database/DB.php(253): SQLSTATE[HY000]: General error: 2006 MySQL server has gone away
[2023-06-27, 13:34:55] /home/u302265335/domains/rainbowcreation.net/public_html/core/classes/Database/DB.php(253): SQLSTATE[HY000]: General error: 2006 MySQL server has gone away
[2023-06-27, 13:43:51] /home/u302265335/domains/rainbowcreation.net/public_html/core/classes/Database/DB.php(253): SQLSTATE[HY000]: General error: 2006 MySQL server has gone away
[2023-06-27, 13:55:49] /home/u302265335/domains/rainbowcreation.net/public_html/core/classes/Database/DB.php(253): SQLSTATE[HY000]: General error: 2006 MySQL server has gone away
[2023-06-27, 14:13:52] /home/u302265335/domains/rainbowcreation.net/public_html/core/classes/Database/DB.php(253): SQLSTATE[HY000]: General error: 2006 MySQL server has gone away
[2023-06-27, 14:16:51] /home/u302265335/domains/rainbowcreation.net/public_html/core/classes/Database/DB.php(253): SQLSTATE[HY000]: General error: 2006 MySQL server has gone away
[2023-06-27, 14:22:56] /home/u302265335/domains/rainbowcreation.net/public_html/core/classes/Database/DB.php(253): SQLSTATE[HY000]: General error: 2006 MySQL server has gone away
[2023-06-27, 14:28:53] /home/u302265335/domains/rainbowcreation.net/public_html/core/classes/Database/DB.php(253): SQLSTATE[HY000]: General error: 2006 MySQL server has gone away
[2023-06-27, 14:34:59] /home/u302265335/domains/rainbowcreation.net/public_html/core/classes/Database/DB.php(253): SQLSTATE[HY000]: General error: 2006 MySQL server has gone away
[2023-06-27, 14:46:54] /home/u302265335/domains/rainbowcreation.net/public_html/core/classes/Database/DB.php(253): SQLSTATE[HY000]: General error: 2006 MySQL server has gone away
[2023-06-27, 14:49:56] /home/u302265335/domains/rainbowcreation.net/public_html/core/classes/Database/DB.php(253): SQLSTATE[HY000]: General error: 2006 MySQL server has gone away
[2023-06-27, 14:58:53] /home/u302265335/domains/rainbowcreation.net/public_html/core/classes/Database/DB.php(253): SQLSTATE[HY000]: General error: 2006 MySQL server has gone away
[2023-06-27, 15:01:54] /home/u302265335/domains/rainbowcreation.net/public_html/core/classes/Database/DB.php(253): SQLSTATE[HY000]: General error: 2006 MySQL server has gone away
[2023-06-27, 15:13:58] /home/u302265335/domains/rainbowcreation.net/public_html/core/classes/Database/DB.php(253): SQLSTATE[HY000]: General error: 2006 MySQL server has gone away
[2023-06-27, 15:19:54] /home/u302265335/domains/rainbowcreation.net/public_html/core/classes/Database/DB.php(253): SQLSTATE[HY000]: General error: 2006 MySQL server has gone away
[2023-06-27, 15:25:57] /home/u302265335/domains/rainbowcreation.net/public_html/core/classes/Database/DB.php(253): SQLSTATE[HY000]: General error: 2006 MySQL server has gone away
[2023-06-27, 15:28:55] /home/u302265335/domains/rainbowcreation.net/public_html/core/classes/Database/DB.php(253): SQLSTATE[HY000]: General error: 2006 MySQL server has gone away
[2023-06-27, 15:37:57] /home/u302265335/domains/rainbowcreation.net/public_html/core/classes/Database/DB.php(253): SQLSTATE[HY000]: General error: 2006 MySQL server has gone away
[2023-06-27, 15:43:55] /home/u302265335/domains/rainbowcreation.net/public_html/core/classes/Database/DB.php(253): SQLSTATE[HY000]: General error: 2006 MySQL server has gone away
[2023-06-27, 15:49:58] /home/u302265335/domains/rainbowcreation.net/public_html/core/classes/Database/DB.php(253): SQLSTATE[HY000]: General error: 2006 MySQL server has gone away
[2023-06-27, 16:04:55] /home/u302265335/domains/rainbowcreation.net/public_html/core/classes/Database/DB.php(253): SQLSTATE[HY000]: General error: 2006 MySQL server has gone away
[2023-06-27, 16:07:55] /home/u302265335/domains/rainbowcreation.net/public_html/core/classes/Database/DB.php(253): SQLSTATE[HY000]: General error: 2006 MySQL server has gone away
[2023-06-27, 16:10:59] /home/u302265335/domains/rainbowcreation.net/public_html/core/classes/Database/DB.php(253): SQLSTATE[HY000]: General error: 2006 MySQL server has gone away
[2023-06-27, 16:23:00] /home/u302265335/domains/rainbowcreation.net/public_html/core/classes/Database/DB.php(253): SQLSTATE[HY000]: General error: 2006 MySQL server has gone away
[2023-06-27, 16:26:00] /home/u302265335/domains/rainbowcreation.net/public_html/core/classes/Database/DB.php(253): SQLSTATE[HY000]: General error: 2006 MySQL server has gone away
[2023-06-27, 16:31:10] /home/u302265335/domains/rainbowcreation.net/public_html/core/classes/Database/DB.php(253): SQLSTATE[HY000]: General error: 2006 MySQL server has gone away
[2023-06-27, 16:44:00] /home/u302265335/domains/rainbowcreation.net/public_html/core/classes/Database/DB.php(253): SQLSTATE[HY000]: General error: 2006 MySQL server has gone away
[2023-06-28, 15:44:32] /home/u302265335/domains/rainbowcreation.net/public_html/core/classes/Database/DB.php(253): SQLSTATE[HY000]: General error: 2006 MySQL server has gone away
[2023-06-28, 15:50:28] /home/u302265335/domains/rainbowcreation.net/public_html/core/classes/Database/DB.php(253): SQLSTATE[HY000]: General error: 2006 MySQL server has gone away
[2023-06-28, 15:56:31] /home/u302265335/domains/rainbowcreation.net/public_html/core/classes/Database/DB.php(253): SQLSTATE[HY000]: General error: 2006 MySQL server has gone away
[2023-06-28, 15:59:32] /home/u302265335/domains/rainbowcreation.net/public_html/core/classes/Database/DB.php(253): SQLSTATE[HY000]: General error: 2006 MySQL server has gone away
[2023-06-28, 16:02:31] /home/u302265335/domains/rainbowcreation.net/public_html/core/classes/Database/DB.php(253): SQLSTATE[HY000]: General error: 2006 MySQL server has gone away
[2023-07-07, 12:30:23] /home/u302265335/domains/rainbowcreation.net/public_html/core/classes/Database/DB.php(253): SQLSTATE[HY000]: General error: 2006 MySQL server has gone away
[2023-07-07, 12:36:23] /home/u302265335/domains/rainbowcreation.net/public_html/core/classes/Database/DB.php(253): SQLSTATE[HY000]: General error: 2006 MySQL server has gone away
[2023-07-07, 12:39:29] /home/u302265335/domains/rainbowcreation.net/public_html/core/classes/Database/DB.php(253): SQLSTATE[HY000]: General error: 2006 MySQL server has gone away
[2023-07-07, 12:45:24] /home/u302265335/domains/rainbowcreation.net/public_html/core/classes/Database/DB.php(253): SQLSTATE[HY000]: General error: 2006 MySQL server has gone away
[2023-07-07, 12:48:27] /home/u302265335/domains/rainbowcreation.net/public_html/core/classes/Database/DB.php(253): SQLSTATE[HY000]: General error: 2006 MySQL server has gone away
[2023-07-07, 13:00:25] /home/u302265335/domains/rainbowcreation.net/public_html/core/classes/Database/DB.php(253): SQLSTATE[HY000]: General error: 2006 MySQL server has gone away
[2023-07-07, 13:03:23] /home/u302265335/domains/rainbowcreation.net/public_html/core/classes/Database/DB.php(253): SQLSTATE[HY000]: General error: 2006 MySQL server has gone away
[2023-07-07, 13:09:25] /home/u302265335/domains/rainbowcreation.net/public_html/core/classes/Database/DB.php(253): SQLSTATE[HY000]: General error: 2006 MySQL server has gone away
[2023-07-07, 13:18:27] /home/u302265335/domains/rainbowcreation.net/public_html/core/classes/Database/DB.php(253): SQLSTATE[HY000]: General error: 2006 MySQL server has gone away
[2023-07-07, 13:21:28] /home/u302265335/domains/rainbowcreation.net/public_html/core/classes/Database/DB.php(253): SQLSTATE[HY000]: General error: 2006 MySQL server has gone away
[2023-07-07, 13:24:24] /home/u302265335/domains/rainbowcreation.net/public_html/core/classes/Database/DB.php(253): SQLSTATE[HY000]: General error: 2006 MySQL server has gone away
[2023-07-07, 13:27:25] /home/u302265335/domains/rainbowcreation.net/public_html/core/classes/Database/DB.php(253): SQLSTATE[HY000]: General error: 2006 MySQL server has gone away
[2023-07-07, 13:33:26] /home/u302265335/domains/rainbowcreation.net/public_html/core/classes/Database/DB.php(253): SQLSTATE[HY000]: General error: 2006 MySQL server has gone away
[2023-07-07, 13:36:28] /home/u302265335/domains/rainbowcreation.net/public_html/core/classes/Database/DB.php(253): SQLSTATE[HY000]: General error: 2006 MySQL server has gone away
[2023-07-07, 13:42:32] /home/u302265335/domains/rainbowcreation.net/public_html/core/classes/Database/DB.php(253): SQLSTATE[HY000]: General error: 2006 MySQL server has gone away
[2023-07-07, 13:45:32] /home/u302265335/domains/rainbowcreation.net/public_html/core/classes/Database/DB.php(253): SQLSTATE[HY000]: General error: 2006 MySQL server has gone away
[2023-07-07, 13:54:29] /home/u302265335/domains/rainbowcreation.net/public_html/core/classes/Database/DB.php(253): SQLSTATE[HY000]: General error: 2006 MySQL server has gone away
[2023-07-07, 14:03:27] /home/u302265335/domains/rainbowcreation.net/public_html/core/classes/Database/DB.php(253): SQLSTATE[HY000]: General error: 2006 MySQL server has gone away
[2023-07-07, 14:22:11] /home/u302265335/domains/rainbowcreation.net/public_html/core/classes/Database/DB.php(47): SQLSTATE[HY000] [1130] Host '127.0.0.1' is not allowed to connect to this MariaDB server
[2023-07-09, 11:46:28] /home/u302265335/domains/rainbowcreation.net/public_html/core/classes/Database/DB.php(47): SQLSTATE[HY000] [1130] Host '127.0.0.1' is not allowed to connect to this MariaDB server
[2023-07-09, 22:50:05] /home/u302265335/domains/rainbowcreation.net/public_html/core/classes/Database/DB.php(253): SQLSTATE[HY000]: General error: 2006 MySQL server has gone away
[2023-07-14, 06:33:12] /home/u302265335/domains/rainbowcreation.net/public_html/core/classes/Database/DB.php(253): SQLSTATE[HY000]: General error: 2006 MySQL server has gone away
[2023-07-14, 07:42:17] /home/u302265335/domains/rainbowcreation.net/public_html/core/classes/Database/DB.php(253): SQLSTATE[HY000]: General error: 2006 MySQL server has gone away
[2023-07-14, 09:36:24] /home/u302265335/domains/rainbowcreation.net/public_html/core/classes/Database/DB.php(253): SQLSTATE[HY000]: General error: 2006 MySQL server has gone away
[2023-07-14, 09:57:29] /home/u302265335/domains/rainbowcreation.net/public_html/core/classes/Database/DB.php(253): SQLSTATE[HY000]: General error: 2006 MySQL server has gone away
[2023-07-15, 12:33:44] /home/u302265335/domains/rainbowcreation.net/public_html/core/classes/Database/DB.php(253): SQLSTATE[HY000]: General error: 2006 MySQL server has gone away
[2023-07-15, 12:36:43] /home/u302265335/domains/rainbowcreation.net/public_html/core/classes/Database/DB.php(253): SQLSTATE[HY000]: General error: 2006 MySQL server has gone away
[2023-07-15, 12:48:42] /home/u302265335/domains/rainbowcreation.net/public_html/core/classes/Database/DB.php(253): SQLSTATE[HY000]: General error: 2006 MySQL server has gone away
[2023-07-15, 13:00:43] /home/u302265335/domains/rainbowcreation.net/public_html/core/classes/Database/DB.php(253): SQLSTATE[HY000]: General error: 2006 MySQL server has gone away
[2023-07-15, 13:06:42] /home/u302265335/domains/rainbowcreation.net/public_html/core/classes/Database/DB.php(253): SQLSTATE[HY000]: General error: 2006 MySQL server has gone away
[2023-07-15, 13:12:44] /home/u302265335/domains/rainbowcreation.net/public_html/core/classes/Database/DB.php(253): SQLSTATE[HY000]: General error: 2006 MySQL server has gone away
[2023-07-15, 13:39:42] /home/u302265335/domains/rainbowcreation.net/public_html/core/classes/Database/DB.php(253): SQLSTATE[HY000]: General error: 2006 MySQL server has gone away
[2023-07-15, 13:45:44] /home/u302265335/domains/rainbowcreation.net/public_html/core/classes/Database/DB.php(253): SQLSTATE[HY000]: General error: 2006 MySQL server has gone away
[2023-07-15, 13:51:42] /home/u302265335/domains/rainbowcreation.net/public_html/core/classes/Database/DB.php(253): SQLSTATE[HY000]: General error: 2006 MySQL server has gone away
[2023-07-15, 13:54:44] /home/u302265335/domains/rainbowcreation.net/public_html/core/classes/Database/DB.php(253): SQLSTATE[HY000]: General error: 2006 MySQL server has gone away
[2023-07-15, 13:57:42] /home/u302265335/domains/rainbowcreation.net/public_html/core/classes/Database/DB.php(253): SQLSTATE[HY000]: General error: 2006 MySQL server has gone away
[2023-07-15, 14:00:42] /home/u302265335/domains/rainbowcreation.net/public_html/core/classes/Database/DB.php(253): SQLSTATE[HY000]: General error: 2006 MySQL server has gone away
[2023-07-15, 14:03:41] /home/u302265335/domains/rainbowcreation.net/public_html/core/classes/Database/DB.php(253): SQLSTATE[HY000]: General error: 2006 MySQL server has gone away
[2023-07-15, 14:09:47] /home/u302265335/domains/rainbowcreation.net/public_html/core/classes/Database/DB.php(253): SQLSTATE[HY000]: General error: 2006 MySQL server has gone away
[2023-07-15, 14:12:45] /home/u302265335/domains/rainbowcreation.net/public_html/core/classes/Database/DB.php(253): SQLSTATE[HY000]: General error: 2006 MySQL server has gone away
[2023-07-15, 14:15:43] /home/u302265335/domains/rainbowcreation.net/public_html/core/classes/Database/DB.php(253): SQLSTATE[HY000]: General error: 2006 MySQL server has gone away
[2023-07-15, 14:21:45] /home/u302265335/domains/rainbowcreation.net/public_html/core/classes/Database/DB.php(253): SQLSTATE[HY000]: General error: 2006 MySQL server has gone away
[2023-07-15, 16:28:00] /home/u302265335/domains/rainbowcreation.net/public_html/core/classes/Database/DB.php(253): SQLSTATE[HY000]: General error: 2006 MySQL server has gone away
[2023-07-15, 16:31:00] /home/u302265335/domains/rainbowcreation.net/public_html/core/classes/Database/DB.php(253): SQLSTATE[HY000]: General error: 2006 MySQL server has gone away
[2023-07-15, 16:33:56] /home/u302265335/domains/rainbowcreation.net/public_html/core/classes/Database/DB.php(253): SQLSTATE[HY000]: General error: 2006 MySQL server has gone away
[2023-07-15, 16:42:57] /home/u302265335/domains/rainbowcreation.net/public_html/core/classes/Database/DB.php(253): SQLSTATE[HY000]: General error: 2006 MySQL server has gone away
[2023-07-15, 16:48:59] /home/u302265335/domains/rainbowcreation.net/public_html/core/classes/Database/DB.php(253): SQLSTATE[HY000]: General error: 2006 MySQL server has gone away
[2023-07-15, 16:54:59] /home/u302265335/domains/rainbowcreation.net/public_html/core/classes/Database/DB.php(253): SQLSTATE[HY000]: General error: 2006 MySQL server has gone away
[2023-07-15, 16:57:59] /home/u302265335/domains/rainbowcreation.net/public_html/core/classes/Database/DB.php(253): SQLSTATE[HY000]: General error: 2006 MySQL server has gone away
[2023-07-15, 17:01:01] /home/u302265335/domains/rainbowcreation.net/public_html/core/classes/Database/DB.php(253): SQLSTATE[HY000]: General error: 2006 MySQL server has gone away
[2023-07-17, 01:25:58] /home/u302265335/domains/rainbowcreation.net/public_html/core/classes/Database/DB.php(253): SQLSTATE[HY000]: General error: 2006 MySQL server has gone away
[2023-07-17, 21:20:54] /home/u302265335/domains/rainbowcreation.net/public_html/core/classes/Database/DB.php(253): SQLSTATE[HY000]: General error: 2006 MySQL server has gone away
[2023-07-17, 21:29:49] /home/u302265335/domains/rainbowcreation.net/public_html/core/classes/Database/DB.php(253): SQLSTATE[HY000]: General error: 2006 MySQL server has gone away
[2023-07-17, 21:44:51] /home/u302265335/domains/rainbowcreation.net/public_html/core/classes/Database/DB.php(253): SQLSTATE[HY000]: General error: 2006 MySQL server has gone away
[2023-07-17, 21:50:46] /home/u302265335/domains/rainbowcreation.net/public_html/core/classes/Database/DB.php(253): SQLSTATE[HY000]: General error: 2006 MySQL server has gone away
[2023-07-17, 22:23:51] /home/u302265335/domains/rainbowcreation.net/public_html/core/classes/Database/DB.php(253): SQLSTATE[HY000]: General error: 2006 MySQL server has gone away
[2023-07-18, 00:29:53] /home/u302265335/domains/rainbowcreation.net/public_html/core/classes/Database/DB.php(253): SQLSTATE[HY000]: General error: 2006 MySQL server has gone away
[2023-07-18, 00:38:56] /home/u302265335/domains/rainbowcreation.net/public_html/core/classes/Database/DB.php(253): SQLSTATE[HY000]: General error: 2006 MySQL server has gone away
[2023-07-18, 00:44:52] /home/u302265335/domains/rainbowcreation.net/public_html/core/classes/Database/DB.php(253): SQLSTATE[HY000]: General error: 2006 MySQL server has gone away
[2023-07-19, 09:29:00] /home/u302265335/domains/rainbowcreation.net/public_html/core/classes/Database/DB.php(253): SQLSTATE[HY000]: General error: 2006 MySQL server has gone away
[2023-07-19, 15:56:03] /home/u302265335/domains/rainbowcreation.net/public_html/core/classes/Database/DB.php(253): SQLSTATE[HY000]: General error: 2006 MySQL server has gone away
[2023-07-19, 16:28:22] /home/u302265335/domains/rainbowcreation.net/public_html/core/classes/Database/DB.php(253): SQLSTATE[HY000]: General error: 2006 MySQL server has gone away
[2023-07-19, 23:21:59] /home/u302265335/domains/rainbowcreation.net/public_html/core/classes/Database/DB.php(253): SQLSTATE[HY000]: General error: 2006 MySQL server has gone away
[2023-07-19, 23:47:35] /home/u302265335/domains/rainbowcreation.net/public_html/core/classes/Database/DB.php(253): SQLSTATE[HY000]: General error: 2006 MySQL server has gone away
[2023-07-20, 00:34:39] /home/u302265335/domains/rainbowcreation.net/public_html/core/classes/Database/DB.php(253): SQLSTATE[HY000]: General error: 2006 MySQL server has gone away
[2023-07-20, 01:24:51] /home/u302265335/domains/rainbowcreation.net/public_html/core/classes/Database/DB.php(253): SQLSTATE[HY000]: General error: 2006 MySQL server has gone away
[2023-07-20, 03:51:05] /home/u302265335/domains/rainbowcreation.net/public_html/core/classes/Database/DB.php(253): SQLSTATE[HY000]: General error: 2006 MySQL server has gone away
[2023-07-20, 12:46:32] /home/u302265335/domains/rainbowcreation.net/public_html/core/classes/Database/DB.php(253): SQLSTATE[HY000]: General error: 2006 MySQL server has gone away
[2023-07-20, 14:46:19] /home/u302265335/domains/rainbowcreation.net/public_html/core/classes/Database/DB.php(253): SQLSTATE[HY000]: General error: 2006 MySQL server has gone away
[2023-07-20, 14:49:30] /home/u302265335/domains/rainbowcreation.net/public_html/core/classes/Database/DB.php(253): SQLSTATE[HY000]: General error: 2006 MySQL server has gone away
[2023-07-20, 15:13:16] /home/u302265335/domains/rainbowcreation.net/public_html/core/classes/Database/DB.php(253): SQLSTATE[HY000]: General error: 2006 MySQL server has gone away
[2023-07-20, 16:19:53] /home/u302265335/domains/rainbowcreation.net/public_html/core/classes/Database/DB.php(253): SQLSTATE[HY000]: General error: 2006 MySQL server has gone away
[2023-07-20, 21:33:00] /home/u302265335/domains/rainbowcreation.net/public_html/core/classes/Database/DB.php(253): SQLSTATE[HY000]: General error: 2006 MySQL server has gone away
[2023-07-21, 02:34:40] /home/u302265335/domains/rainbowcreation.net/public_html/core/classes/Database/DB.php(253): SQLSTATE[HY000]: General error: 2006 MySQL server has gone away
[2023-07-21, 04:55:09] /home/u302265335/domains/rainbowcreation.net/public_html/core/classes/Database/DB.php(253): SQLSTATE[HY000]: General error: 2006 MySQL server has gone away
[2023-07-21, 06:13:27] /home/u302265335/domains/rainbowcreation.net/public_html/core/classes/Database/DB.php(253): SQLSTATE[HY000]: General error: 2006 MySQL server has gone away
[2023-07-21, 10:23:24] /home/u302265335/domains/rainbowcreation.net/public_html/core/classes/Database/DB.php(253): SQLSTATE[HY000]: General error: 2006 MySQL server has gone away
[2023-07-21, 10:40:54] /home/u302265335/domains/rainbowcreation.net/public_html/core/classes/Database/DB.php(253): SQLSTATE[HY000]: General error: 2006 MySQL server has gone away
[2023-07-21, 11:44:31] /home/u302265335/domains/rainbowcreation.net/public_html/core/classes/Database/DB.php(253): SQLSTATE[HY000]: General error: 2006 MySQL server has gone away
[2023-07-21, 14:04:24] /home/u302265335/domains/rainbowcreation.net/public_html/core/classes/Database/DB.php(253): SQLSTATE[HY000]: General error: 2006 MySQL server has gone away
[2023-07-21, 18:35:30] /home/u302265335/domains/rainbowcreation.net/public_html/core/classes/Database/DB.php(253): SQLSTATE[HY000]: General error: 2006 MySQL server has gone away
[2023-07-21, 23:44:05] /home/u302265335/domains/rainbowcreation.net/public_html/core/classes/Database/DB.php(253): SQLSTATE[HY000]: General error: 2006 MySQL server has gone away
[2023-07-22, 03:04:40] /home/u302265335/domains/rainbowcreation.net/public_html/core/classes/Database/DB.php(253): SQLSTATE[HY000]: General error: 2006 MySQL server has gone away
[2023-07-22, 06:30:55] /home/u302265335/domains/rainbowcreation.net/public_html/core/classes/Database/DB.php(253): SQLSTATE[HY000]: General error: 2006 MySQL server has gone away
[2023-07-22, 08:11:50] /home/u302265335/domains/rainbowcreation.net/public_html/core/classes/Database/DB.php(253): SQLSTATE[HY000]: General error: 2006 MySQL server has gone away
[2023-07-22, 09:11:45] /home/u302265335/domains/rainbowcreation.net/public_html/core/classes/Database/DB.php(253): SQLSTATE[HY000]: General error: 2006 MySQL server has gone away
[2023-07-22, 21:05:08] /home/u302265335/domains/rainbowcreation.net/public_html/core/classes/Database/DB.php(253): SQLSTATE[HY000]: General error: 2006 MySQL server has gone away
[2023-07-22, 22:47:46] /home/u302265335/domains/rainbowcreation.net/public_html/core/classes/Database/DB.php(253): SQLSTATE[HY000]: General error: 2006 MySQL server has gone away
[2023-07-22, 23:09:52] /home/u302265335/domains/rainbowcreation.net/public_html/core/classes/Database/DB.php(253): SQLSTATE[HY000]: General error: 2006 MySQL server has gone away
[2023-07-23, 01:33:28] /home/u302265335/domains/rainbowcreation.net/public_html/core/classes/Database/DB.php(253): SQLSTATE[HY000]: General error: 2006 MySQL server has gone away
[2023-07-23, 01:50:13] /home/u302265335/domains/rainbowcreation.net/public_html/core/classes/Database/DB.php(253): SQLSTATE[HY000]: General error: 2006 MySQL server has gone away
[2023-07-23, 02:50:49] /home/u302265335/domains/rainbowcreation.net/public_html/core/classes/Database/DB.php(253): SQLSTATE[HY000]: General error: 2006 MySQL server has gone away
[2023-07-23, 04:34:04] /home/u302265335/domains/rainbowcreation.net/public_html/core/classes/Database/DB.php(253): SQLSTATE[HY000]: General error: 2006 MySQL server has gone away
[2023-07-23, 05:12:45] /home/u302265335/domains/rainbowcreation.net/public_html/core/classes/Database/DB.php(253): SQLSTATE[HY000]: General error: 2006 MySQL server has gone away
[2023-07-23, 12:12:24] /home/u302265335/domains/rainbowcreation.net/public_html/core/classes/Database/DB.php(253): SQLSTATE[HY000]: General error: 2006 MySQL server has gone away
[2023-07-23, 15:41:01] /home/u302265335/domains/rainbowcreation.net/public_html/core/classes/Database/DB.php(253): SQLSTATE[HY000]: General error: 2006 MySQL server has gone away
[2023-07-23, 16:03:57] /home/u302265335/domains/rainbowcreation.net/public_html/core/classes/Database/DB.php(253): SQLSTATE[HY000]: General error: 2006 MySQL server has gone away
[2023-07-23, 16:06:55] /home/u302265335/domains/rainbowcreation.net/public_html/core/classes/Database/DB.php(253): SQLSTATE[HY000]: General error: 2006 MySQL server has gone away
[2023-07-23, 16:08:34] /home/u302265335/domains/rainbowcreation.net/public_html/core/classes/Database/DB.php(253): SQLSTATE[HY000]: General error: 2006 MySQL server has gone away
[2023-07-23, 16:11:41] /home/u302265335/domains/rainbowcreation.net/public_html/core/classes/Database/DB.php(253): SQLSTATE[HY000]: General error: 2006 MySQL server has gone away
[2023-07-23, 16:13:21] /home/u302265335/domains/rainbowcreation.net/public_html/core/classes/Database/DB.php(253): SQLSTATE[HY000]: General error: 2006 MySQL server has gone away
[2023-07-23, 16:14:58] /home/u302265335/domains/rainbowcreation.net/public_html/core/classes/Database/DB.php(253): SQLSTATE[HY000]: General error: 2006 MySQL server has gone away
[2023-07-23, 16:16:52] /home/u302265335/domains/rainbowcreation.net/public_html/core/classes/Database/DB.php(253): SQLSTATE[HY000]: General error: 2006 MySQL server has gone away
[2023-07-23, 16:18:34] /home/u302265335/domains/rainbowcreation.net/public_html/core/classes/Database/DB.php(253): SQLSTATE[HY000]: General error: 2006 MySQL server has gone away
[2023-07-23, 16:32:29] /home/u302265335/domains/rainbowcreation.net/public_html/core/classes/Database/DB.php(253): SQLSTATE[HY000]: General error: 2006 MySQL server has gone away
[2023-07-23, 20:21:42] /home/u302265335/domains/rainbowcreation.net/public_html/core/classes/Database/DB.php(253): SQLSTATE[HY000]: General error: 2006 MySQL server has gone away
[2023-07-23, 23:05:27] /home/u302265335/domains/rainbowcreation.net/public_html/core/classes/Database/DB.php(253): SQLSTATE[HY000]: General error: 2006 MySQL server has gone away
[2023-07-23, 23:52:17] /home/u302265335/domains/rainbowcreation.net/public_html/core/classes/Database/DB.php(253): SQLSTATE[HY000]: General error: 2006 MySQL server has gone away
[2023-07-24, 01:30:09] /home/u302265335/domains/rainbowcreation.net/public_html/core/classes/Database/DB.php(253): SQLSTATE[HY000]: General error: 2006 MySQL server has gone away
[2023-07-24, 04:33:05] /home/u302265335/domains/rainbowcreation.net/public_html/core/classes/Database/DB.php(253): SQLSTATE[HY000]: General error: 2006 MySQL server has gone away
[2023-07-24, 05:26:33] /home/u302265335/domains/rainbowcreation.net/public_html/core/classes/Database/DB.php(253): SQLSTATE[HY000]: General error: 2006 MySQL server has gone away
[2023-07-24, 07:36:52] /home/u302265335/domains/rainbowcreation.net/public_html/core/classes/Database/DB.php(253): SQLSTATE[HY000]: General error: 2006 MySQL server has gone away
[2023-07-24, 11:06:03] /home/u302265335/domains/rainbowcreation.net/public_html/core/classes/Database/DB.php(253): SQLSTATE[HY000]: General error: 2006 MySQL server has gone away
[2023-07-24, 11:41:54] /home/u302265335/domains/rainbowcreation.net/public_html/core/classes/Database/DB.php(253): SQLSTATE[HY000]: General error: 2006 MySQL server has gone away
[2023-07-24, 13:49:11] /home/u302265335/domains/rainbowcreation.net/public_html/core/classes/Database/DB.php(253): SQLSTATE[HY000]: General error: 2006 MySQL server has gone away
[2023-07-24, 19:07:28] /home/u302265335/domains/rainbowcreation.net/public_html/core/classes/Database/DB.php(253): SQLSTATE[HY000]: General error: 2006 MySQL server has gone away
[2023-07-24, 19:10:13] /home/u302265335/domains/rainbowcreation.net/public_html/core/classes/Database/DB.php(253): SQLSTATE[HY000]: General error: 2006 MySQL server has gone away
[2023-07-24, 23:56:26] /home/u302265335/domains/rainbowcreation.net/public_html/core/classes/Database/DB.php(253): SQLSTATE[HY000]: General error: 2006 MySQL server has gone away
[2023-07-25, 01:10:47] /home/u302265335/domains/rainbowcreation.net/public_html/core/classes/Database/DB.php(253): SQLSTATE[HY000]: General error: 2006 MySQL server has gone away
[2023-07-25, 04:00:05] /home/u302265335/domains/rainbowcreation.net/public_html/core/classes/Database/DB.php(253): SQLSTATE[HY000]: General error: 2006 MySQL server has gone away
[2023-07-25, 11:34:34] /home/u302265335/domains/rainbowcreation.net/public_html/core/classes/Database/DB.php(253): SQLSTATE[HY000]: General error: 2006 MySQL server has gone away
[2023-07-25, 11:48:04] /home/u302265335/domains/rainbowcreation.net/public_html/core/classes/Database/DB.php(253): SQLSTATE[HY000]: General error: 2006 MySQL server has gone away
[2023-07-25, 11:50:04] /home/u302265335/domains/rainbowcreation.net/public_html/core/classes/Database/DB.php(253): SQLSTATE[HY000]: General error: 2006 MySQL server has gone away
[2023-07-25, 11:54:40] /home/u302265335/domains/rainbowcreation.net/public_html/core/classes/Database/DB.php(253): SQLSTATE[HY000]: General error: 2006 MySQL server has gone away
[2023-07-25, 11:57:02] /home/u302265335/domains/rainbowcreation.net/public_html/core/classes/Database/DB.php(253): SQLSTATE[HY000]: General error: 2006 MySQL server has gone away
[2023-07-25, 14:29:44] /home/u302265335/domains/rainbowcreation.net/public_html/core/classes/Database/DB.php(253): SQLSTATE[HY000]: General error: 2006 MySQL server has gone away
[2023-07-25, 16:07:53] /home/u302265335/domains/rainbowcreation.net/public_html/core/classes/Database/DB.php(253): SQLSTATE[HY000]: General error: 2006 MySQL server has gone away
[2023-07-25, 18:35:42] /home/u302265335/domains/rainbowcreation.net/public_html/core/classes/Database/DB.php(253): SQLSTATE[HY000]: General error: 2006 MySQL server has gone away
[2023-07-25, 20:55:29] /home/u302265335/domains/rainbowcreation.net/public_html/core/classes/Database/DB.php(253): SQLSTATE[HY000]: General error: 2006 MySQL server has gone away
[2023-07-26, 00:01:10] /home/u302265335/domains/rainbowcreation.net/public_html/core/classes/Database/DB.php(253): SQLSTATE[HY000]: General error: 2006 MySQL server has gone away
[2023-07-26, 01:03:14] /home/u302265335/domains/rainbowcreation.net/public_html/core/classes/Database/DB.php(253): SQLSTATE[HY000]: General error: 2006 MySQL server has gone away
[2023-07-26, 03:02:10] /home/u302265335/domains/rainbowcreation.net/public_html/core/classes/Database/DB.php(253): SQLSTATE[HY000]: General error: 2006 MySQL server has gone away
[2023-07-26, 04:20:35] /home/u302265335/domains/rainbowcreation.net/public_html/core/classes/Database/DB.php(253): SQLSTATE[HY000]: General error: 2006 MySQL server has gone away
[2023-07-26, 06:11:10] /home/u302265335/domains/rainbowcreation.net/public_html/core/classes/Database/DB.php(253): SQLSTATE[HY000]: General error: 2006 MySQL server has gone away
[2023-07-26, 07:07:30] /home/u302265335/domains/rainbowcreation.net/public_html/core/classes/Database/DB.php(253): SQLSTATE[HY000]: General error: 2006 MySQL server has gone away
[2023-07-26, 12:08:49] /home/u302265335/domains/rainbowcreation.net/public_html/core/classes/Database/DB.php(253): SQLSTATE[HY000]: General error: 2006 MySQL server has gone away
[2023-07-26, 17:06:00] /home/u302265335/domains/rainbowcreation.net/public_html/core/classes/Database/DB.php(253): SQLSTATE[HY000]: General error: 2006 MySQL server has gone away
[2023-07-26, 19:37:32] /home/u302265335/domains/rainbowcreation.net/public_html/core/classes/Database/DB.php(253): SQLSTATE[HY000]: General error: 2006 MySQL server has gone away
[2023-07-26, 20:26:55] /home/u302265335/domains/rainbowcreation.net/public_html/core/classes/Database/DB.php(253): SQLSTATE[HY000]: General error: 2006 MySQL server has gone away
[2023-07-26, 21:22:39] /home/u302265335/domains/rainbowcreation.net/public_html/core/classes/Database/DB.php(253): SQLSTATE[HY000]: General error: 2006 MySQL server has gone away
[2023-07-27, 00:35:47] /home/u302265335/domains/rainbowcreation.net/public_html/core/classes/Database/DB.php(253): SQLSTATE[HY000]: General error: 2006 MySQL server has gone away
[2023-07-27, 01:13:00] /home/u302265335/domains/rainbowcreation.net/public_html/core/classes/Database/DB.php(253): SQLSTATE[HY000]: General error: 2006 MySQL server has gone away
[2023-07-27, 03:21:24] /home/u302265335/domains/rainbowcreation.net/public_html/core/classes/Database/DB.php(253): SQLSTATE[HY000]: General error: 2006 MySQL server has gone away
[2023-07-27, 09:02:40] /home/u302265335/domains/rainbowcreation.net/public_html/core/classes/Database/DB.php(253): SQLSTATE[HY000]: General error: 2006 MySQL server has gone away
[2023-07-27, 09:14:37] /home/u302265335/domains/rainbowcreation.net/public_html/core/classes/Database/DB.php(253): SQLSTATE[HY000]: General error: 2006 MySQL server has gone away
[2023-07-27, 11:48:23] /home/u302265335/domains/rainbowcreation.net/public_html/core/classes/Database/DB.php(253): SQLSTATE[HY000]: General error: 2006 MySQL server has gone away
[2023-07-27, 12:27:44] /home/u302265335/domains/rainbowcreation.net/public_html/core/classes/Database/DB.php(253): SQLSTATE[HY000]: General error: 2006 MySQL server has gone away
[2023-07-27, 13:00:56] /home/u302265335/domains/rainbowcreation.net/public_html/core/classes/Database/DB.php(253): SQLSTATE[HY000]: General error: 2006 MySQL server has gone away
[2023-07-27, 15:33:36] /home/u302265335/domains/rainbowcreation.net/public_html/core/classes/Database/DB.php(253): SQLSTATE[HY000]: General error: 2006 MySQL server has gone away
[2023-07-27, 17:02:05] /home/u302265335/domains/rainbowcreation.net/public_html/core/classes/Database/DB.php(253): SQLSTATE[HY000]: General error: 2006 MySQL server has gone away
[2023-07-27, 17:36:50] /home/u302265335/domains/rainbowcreation.net/public_html/core/classes/Database/DB.php(253): SQLSTATE[HY000]: General error: 2006 MySQL server has gone away
[2023-07-27, 21:31:48] /home/u302265335/domains/rainbowcreation.net/public_html/core/classes/Database/DB.php(253): SQLSTATE[HY000]: General error: 2006 MySQL server has gone away
[2023-07-27, 22:19:29] /home/u302265335/domains/rainbowcreation.net/public_html/core/classes/Database/DB.php(253): SQLSTATE[HY000]: General error: 2006 MySQL server has gone away
[2023-07-27, 22:46:33] /home/u302265335/domains/rainbowcreation.net/public_html/core/classes/Database/DB.php(253): SQLSTATE[HY000]: General error: 2006 MySQL server has gone away
[2023-07-28, 01:20:27] /home/u302265335/domains/rainbowcreation.net/public_html/core/classes/Database/DB.php(253): SQLSTATE[HY000]: General error: 2006 MySQL server has gone away
[2023-07-28, 04:29:53] /home/u302265335/domains/rainbowcreation.net/public_html/core/classes/Database/DB.php(253): SQLSTATE[HY000]: General error: 2006 MySQL server has gone away
[2023-07-28, 07:48:15] /home/u302265335/domains/rainbowcreation.net/public_html/core/classes/Database/DB.php(253): SQLSTATE[HY000]: General error: 2006 MySQL server has gone away
[2023-07-28, 08:02:19] /home/u302265335/domains/rainbowcreation.net/public_html/core/classes/Database/DB.php(253): SQLSTATE[HY000]: General error: 2006 MySQL server has gone away
[2023-07-28, 08:05:23] /home/u302265335/domains/rainbowcreation.net/public_html/core/classes/Database/DB.php(253): SQLSTATE[HY000]: General error: 2006 MySQL server has gone away
[2023-07-28, 09:27:50] /home/u302265335/domains/rainbowcreation.net/public_html/core/classes/Database/DB.php(253): SQLSTATE[HY000]: General error: 2006 MySQL server has gone away
[2023-07-28, 09:41:59] /home/u302265335/domains/rainbowcreation.net/public_html/core/classes/Database/DB.php(253): SQLSTATE[HY000]: General error: 2006 MySQL server has gone away
[2023-07-28, 13:07:30] /home/u302265335/domains/rainbowcreation.net/public_html/core/classes/Database/DB.php(253): SQLSTATE[HY000]: General error: 2006 MySQL server has gone away
[2023-07-28, 14:09:20] /home/u302265335/domains/rainbowcreation.net/public_html/core/classes/Database/DB.php(253): SQLSTATE[HY000]: General error: 2006 MySQL server has gone away
[2023-07-28, 15:17:43] /home/u302265335/domains/rainbowcreation.net/public_html/core/classes/Database/DB.php(253): SQLSTATE[HY000]: General error: 2006 MySQL server has gone away
[2023-07-28, 16:14:32] /home/u302265335/domains/rainbowcreation.net/public_html/core/classes/Database/DB.php(253): SQLSTATE[HY000]: General error: 2006 MySQL server has gone away
[2023-07-28, 19:33:23] /home/u302265335/domains/rainbowcreation.net/public_html/core/classes/Database/DB.php(253): SQLSTATE[HY000]: General error: 2006 MySQL server has gone away
[2023-07-29, 02:26:42] /home/u302265335/domains/rainbowcreation.net/public_html/core/classes/Database/DB.php(253): SQLSTATE[HY000]: General error: 2006 MySQL server has gone away
[2023-07-29, 09:18:37] /home/u302265335/domains/rainbowcreation.net/public_html/core/classes/Database/DB.php(253): SQLSTATE[HY000]: General error: 2006 MySQL server has gone away
[2023-07-29, 11:28:41] /home/u302265335/domains/rainbowcreation.net/public_html/core/classes/Database/DB.php(253): SQLSTATE[HY000]: General error: 2006 MySQL server has gone away
[2023-07-29, 13:53:12] /home/u302265335/domains/rainbowcreation.net/public_html/core/classes/Database/DB.php(253): SQLSTATE[HY000]: General error: 2006 MySQL server has gone away
[2023-07-29, 15:53:33] /home/u302265335/domains/rainbowcreation.net/public_html/core/classes/Database/DB.php(253): SQLSTATE[HY000]: General error: 2006 MySQL server has gone away
[2023-07-29, 20:12:51] /home/u302265335/domains/rainbowcreation.net/public_html/core/classes/Database/DB.php(253): SQLSTATE[HY000]: General error: 2006 MySQL server has gone away
[2023-07-29, 21:14:23] /home/u302265335/domains/rainbowcreation.net/public_html/core/classes/Database/DB.php(253): SQLSTATE[HY000]: General error: 2006 MySQL server has gone away
[2023-07-30, 00:58:32] /home/u302265335/domains/rainbowcreation.net/public_html/core/classes/Database/DB.php(253): SQLSTATE[HY000]: General error: 2006 MySQL server has gone away
[2023-07-30, 02:04:39] /home/u302265335/domains/rainbowcreation.net/public_html/core/classes/Database/DB.php(253): SQLSTATE[HY000]: General error: 2006 MySQL server has gone away
[2023-07-30, 03:39:02] /home/u302265335/domains/rainbowcreation.net/public_html/core/classes/Database/DB.php(253): SQLSTATE[HY000]: General error: 2006 MySQL server has gone away
[2023-07-30, 05:33:04] /home/u302265335/domains/rainbowcreation.net/public_html/core/classes/Database/DB.php(253): SQLSTATE[HY000]: General error: 2006 MySQL server has gone away
[2023-07-30, 05:44:20] /home/u302265335/domains/rainbowcreation.net/public_html/core/classes/Database/DB.php(253): SQLSTATE[HY000]: General error: 2006 MySQL server has gone away
[2023-07-30, 10:32:25] /home/u302265335/domains/rainbowcreation.net/public_html/core/classes/Database/DB.php(253): SQLSTATE[HY000]: General error: 2006 MySQL server has gone away
[2023-07-30, 12:44:19] /home/u302265335/domains/rainbowcreation.net/public_html/core/classes/Database/DB.php(253): SQLSTATE[HY000]: General error: 2006 MySQL server has gone away
[2023-07-30, 12:49:56] /home/u302265335/domains/rainbowcreation.net/public_html/core/classes/Database/DB.php(253): SQLSTATE[HY000]: General error: 2006 MySQL server has gone away
[2023-07-30, 18:30:41] /home/u302265335/domains/rainbowcreation.net/public_html/core/classes/Database/DB.php(253): SQLSTATE[HY000]: General error: 2006 MySQL server has gone away
[2023-07-30, 19:15:47] /home/u302265335/domains/rainbowcreation.net/public_html/core/classes/Database/DB.php(253): SQLSTATE[HY000]: General error: 2006 MySQL server has gone away
[2023-07-30, 19:46:54] /home/u302265335/domains/rainbowcreation.net/public_html/core/classes/Database/DB.php(253): SQLSTATE[HY000]: General error: 2006 MySQL server has gone away
[2023-07-30, 23:09:56] /home/u302265335/domains/rainbowcreation.net/public_html/core/classes/Database/DB.php(253): SQLSTATE[HY000]: General error: 2006 MySQL server has gone away
[2023-07-30, 23:14:35] /home/u302265335/domains/rainbowcreation.net/public_html/core/classes/Database/DB.php(253): SQLSTATE[HY000]: General error: 2006 MySQL server has gone away
[2023-07-30, 23:16:02] /home/u302265335/domains/rainbowcreation.net/public_html/core/classes/Database/DB.php(253): SQLSTATE[HY000]: General error: 2006 MySQL server has gone away
[2023-07-31, 00:13:31] /home/u302265335/domains/rainbowcreation.net/public_html/core/classes/Database/DB.php(253): SQLSTATE[HY000]: General error: 2006 MySQL server has gone away
[2023-07-31, 00:21:11] /home/u302265335/domains/rainbowcreation.net/public_html/core/classes/Database/DB.php(253): SQLSTATE[HY000]: General error: 2006 MySQL server has gone away
[2023-07-31, 01:26:43] /home/u302265335/domains/rainbowcreation.net/public_html/core/classes/Database/DB.php(253): SQLSTATE[HY000]: General error: 2006 MySQL server has gone away
[2023-07-31, 01:54:46] /home/u302265335/domains/rainbowcreation.net/public_html/core/classes/Database/DB.php(253): SQLSTATE[HY000]: General error: 2006 MySQL server has gone away
[2023-07-31, 02:02:10] /home/u302265335/domains/rainbowcreation.net/public_html/core/classes/Database/DB.php(253): SQLSTATE[HY000]: General error: 2006 MySQL server has gone away
[2023-07-31, 08:05:10] /home/u302265335/domains/rainbowcreation.net/public_html/core/classes/Database/DB.php(253): SQLSTATE[HY000]: General error: 2006 MySQL server has gone away
[2023-07-31, 08:54:55] /home/u302265335/domains/rainbowcreation.net/public_html/core/classes/Database/DB.php(253): SQLSTATE[HY000]: General error: 2006 MySQL server has gone away
[2023-07-31, 08:59:20] /home/u302265335/domains/rainbowcreation.net/public_html/core/classes/Database/DB.php(253): SQLSTATE[HY000]: General error: 2006 MySQL server has gone away
[2023-07-31, 09:28:05] /home/u302265335/domains/rainbowcreation.net/public_html/core/classes/Database/DB.php(253): SQLSTATE[HY000]: General error: 2006 MySQL server has gone away
[2023-07-31, 10:32:21] /home/u302265335/domains/rainbowcreation.net/public_html/core/classes/Database/DB.php(253): SQLSTATE[HY000]: General error: 2006 MySQL server has gone away
[2023-07-31, 11:34:26] /home/u302265335/domains/rainbowcreation.net/public_html/core/classes/Database/DB.php(253): SQLSTATE[HY000]: General error: 2006 MySQL server has gone away
[2023-07-31, 12:29:43] /home/u302265335/domains/rainbowcreation.net/public_html/core/classes/Database/DB.php(253): SQLSTATE[HY000]: General error: 2006 MySQL server has gone away
[2023-07-31, 12:31:48] /home/u302265335/domains/rainbowcreation.net/public_html/core/classes/Database/DB.php(253): SQLSTATE[HY000]: General error: 2006 MySQL server has gone away
[2023-07-31, 12:33:34] /home/u302265335/domains/rainbowcreation.net/public_html/core/classes/Database/DB.php(253): SQLSTATE[HY000]: General error: 2006 MySQL server has gone away
[2023-07-31, 13:37:32] /home/u302265335/domains/rainbowcreation.net/public_html/core/classes/Database/DB.php(253): SQLSTATE[HY000]: General error: 2006 MySQL server has gone away
[2023-07-31, 15:05:38] /home/u302265335/domains/rainbowcreation.net/public_html/core/classes/Database/DB.php(253): SQLSTATE[HY000]: General error: 2006 MySQL server has gone away
[2023-07-31, 17:45:20] /home/u302265335/domains/rainbowcreation.net/public_html/core/classes/Database/DB.php(253): SQLSTATE[HY000]: General error: 2006 MySQL server has gone away
[2023-07-31, 21:12:36] /home/u302265335/domains/rainbowcreation.net/public_html/core/classes/Database/DB.php(253): SQLSTATE[HY000]: General error: 2006 MySQL server has gone away
[2023-07-31, 22:48:22] /home/u302265335/domains/rainbowcreation.net/public_html/core/classes/Database/DB.php(253): SQLSTATE[HY000]: General error: 2006 MySQL server has gone away
[2023-08-01, 00:48:17] /home/u302265335/domains/rainbowcreation.net/public_html/core/classes/Database/DB.php(253): SQLSTATE[HY000]: General error: 2006 MySQL server has gone away
[2023-08-01, 02:06:01] /home/u302265335/domains/rainbowcreation.net/public_html/core/classes/Database/DB.php(253): SQLSTATE[HY000]: General error: 2006 MySQL server has gone away
[2023-08-01, 04:05:10] /home/u302265335/domains/rainbowcreation.net/public_html/core/classes/Database/DB.php(253): SQLSTATE[HY000]: General error: 2006 MySQL server has gone away
[2023-08-01, 04:16:56] /home/u302265335/domains/rainbowcreation.net/public_html/core/classes/Database/DB.php(253): SQLSTATE[HY000]: General error: 2006 MySQL server has gone away
[2023-08-01, 07:24:37] /home/u302265335/domains/rainbowcreation.net/public_html/core/classes/Database/DB.php(253): SQLSTATE[HY000]: General error: 2006 MySQL server has gone away
[2023-08-01, 08:32:07] /home/u302265335/domains/rainbowcreation.net/public_html/core/classes/Database/DB.php(253): SQLSTATE[HY000]: General error: 2006 MySQL server has gone away
[2023-08-01, 08:58:24] /home/u302265335/domains/rainbowcreation.net/public_html/core/classes/Database/DB.php(253): SQLSTATE[HY000]: General error: 2006 MySQL server has gone away
[2023-08-01, 11:23:09] /home/u302265335/domains/rainbowcreation.net/public_html/core/classes/Database/DB.php(253): SQLSTATE[HY000]: General error: 2006 MySQL server has gone away
[2023-08-01, 11:52:05] /home/u302265335/domains/rainbowcreation.net/public_html/core/classes/Database/DB.php(253): SQLSTATE[HY000]: General error: 2006 MySQL server has gone away
[2023-08-01, 13:14:38] /home/u302265335/domains/rainbowcreation.net/public_html/core/classes/Database/DB.php(253): SQLSTATE[HY000]: General error: 2006 MySQL server has gone away
[2023-08-01, 14:21:50] /home/u302265335/domains/rainbowcreation.net/public_html/core/classes/Database/DB.php(253): SQLSTATE[HY000]: General error: 2006 MySQL server has gone away
[2023-08-01, 15:07:48] /home/u302265335/domains/rainbowcreation.net/public_html/core/classes/Database/DB.php(253): SQLSTATE[HY000]: General error: 2006 MySQL server has gone away
[2023-08-01, 16:53:56] /home/u302265335/domains/rainbowcreation.net/public_html/core/classes/Database/DB.php(253): SQLSTATE[HY000]: General error: 2006 MySQL server has gone away
[2023-08-01, 18:19:37] /home/u302265335/domains/rainbowcreation.net/public_html/core/classes/Database/DB.php(253): SQLSTATE[HY000]: General error: 2006 MySQL server has gone away
[2023-08-01, 18:58:09] /home/u302265335/domains/rainbowcreation.net/public_html/core/classes/Database/DB.php(253): SQLSTATE[HY000]: General error: 2006 MySQL server has gone away
[2023-08-02, 00:13:20] /home/u302265335/domains/rainbowcreation.net/public_html/core/classes/Database/DB.php(253): SQLSTATE[HY000]: General error: 2006 MySQL server has gone away
[2023-08-02, 02:17:13] /home/u302265335/domains/rainbowcreation.net/public_html/core/classes/Database/DB.php(253): SQLSTATE[HY000]: General error: 2006 MySQL server has gone away
[2023-08-02, 02:50:07] /home/u302265335/domains/rainbowcreation.net/public_html/core/classes/Database/DB.php(253): SQLSTATE[HY000]: General error: 2006 MySQL server has gone away
[2023-08-02, 03:12:33] /home/u302265335/domains/rainbowcreation.net/public_html/core/classes/Database/DB.php(253): SQLSTATE[HY000]: General error: 2006 MySQL server has gone away
[2023-08-02, 06:54:51] /home/u302265335/domains/rainbowcreation.net/public_html/core/classes/Database/DB.php(253): SQLSTATE[HY000]: General error: 2006 MySQL server has gone away
[2023-08-02, 08:15:55] /home/u302265335/domains/rainbowcreation.net/public_html/core/classes/Database/DB.php(253): SQLSTATE[HY000]: General error: 2006 MySQL server has gone away
[2023-08-02, 08:29:34] /home/u302265335/domains/rainbowcreation.net/public_html/core/classes/Database/DB.php(253): SQLSTATE[HY000]: General error: 2006 MySQL server has gone away
[2023-08-02, 08:32:17] /home/u302265335/domains/rainbowcreation.net/public_html/core/classes/Database/DB.php(253): SQLSTATE[HY000]: General error: 2006 MySQL server has gone away
[2023-08-02, 10:04:29] /home/u302265335/domains/rainbowcreation.net/public_html/core/classes/Database/DB.php(253): SQLSTATE[HY000]: General error: 2006 MySQL server has gone away
[2023-08-02, 11:07:43] /home/u302265335/domains/rainbowcreation.net/public_html/core/classes/Database/DB.php(253): SQLSTATE[HY000]: General error: 2006 MySQL server has gone away
[2023-08-02, 12:36:44] /home/u302265335/domains/rainbowcreation.net/public_html/core/classes/Database/DB.php(253): SQLSTATE[HY000]: General error: 2006 MySQL server has gone away
[2023-08-02, 13:36:17] /home/u302265335/domains/rainbowcreation.net/public_html/core/classes/Database/DB.php(253): SQLSTATE[HY000]: General error: 2006 MySQL server has gone away
[2023-08-02, 13:40:53] /home/u302265335/domains/rainbowcreation.net/public_html/core/classes/Database/DB.php(253): SQLSTATE[HY000]: General error: 2006 MySQL server has gone away
[2023-08-02, 15:50:33] /home/u302265335/domains/rainbowcreation.net/public_html/core/classes/Database/DB.php(253): SQLSTATE[HY000]: General error: 2006 MySQL server has gone away
[2023-08-02, 16:20:11] /home/u302265335/domains/rainbowcreation.net/public_html/core/classes/Database/DB.php(253): SQLSTATE[HY000]: General error: 2006 MySQL server has gone away
[2023-08-03, 02:43:04] /home/u302265335/domains/rainbowcreation.net/public_html/core/classes/Database/DB.php(253): SQLSTATE[HY000]: General error: 2006 MySQL server has gone away
[2023-08-03, 03:30:10] /home/u302265335/domains/rainbowcreation.net/public_html/core/classes/Database/DB.php(253): SQLSTATE[HY000]: General error: 2006 MySQL server has gone away
[2023-08-03, 07:31:22] /home/u302265335/domains/rainbowcreation.net/public_html/core/classes/Database/DB.php(253): SQLSTATE[HY000]: General error: 2006 MySQL server has gone away
[2023-08-03, 07:53:33] /home/u302265335/domains/rainbowcreation.net/public_html/core/classes/Database/DB.php(253): SQLSTATE[HY000]: General error: 2006 MySQL server has gone away
[2023-08-03, 09:43:02] /home/u302265335/domains/rainbowcreation.net/public_html/core/classes/Database/DB.php(253): SQLSTATE[HY000]: General error: 2006 MySQL server has gone away
[2023-08-03, 18:04:16] /home/u302265335/domains/rainbowcreation.net/public_html/core/classes/Database/DB.php(253): SQLSTATE[HY000]: General error: 2006 MySQL server has gone away
[2023-08-03, 19:53:57] /home/u302265335/domains/rainbowcreation.net/public_html/core/classes/Database/DB.php(253): SQLSTATE[HY000]: General error: 2006 MySQL server has gone away
[2023-08-03, 21:14:43] /home/u302265335/domains/rainbowcreation.net/public_html/core/classes/Database/DB.php(253): SQLSTATE[HY000]: General error: 2006 MySQL server has gone away
[2023-08-03, 22:25:13] /home/u302265335/domains/rainbowcreation.net/public_html/core/classes/Database/DB.php(253): SQLSTATE[HY000]: General error: 2006 MySQL server has gone away
[2023-08-03, 23:06:28] /home/u302265335/domains/rainbowcreation.net/public_html/core/classes/Database/DB.php(253): SQLSTATE[HY000]: General error: 2006 MySQL server has gone away
[2023-08-03, 23:08:05] /home/u302265335/domains/rainbowcreation.net/public_html/core/classes/Database/DB.php(253): SQLSTATE[HY000]: General error: 2006 MySQL server has gone away
[2023-08-04, 00:31:11] /home/u302265335/domains/rainbowcreation.net/public_html/core/classes/Database/DB.php(253): SQLSTATE[HY000]: General error: 2006 MySQL server has gone away
[2023-08-04, 01:56:38] /home/u302265335/domains/rainbowcreation.net/public_html/core/classes/Database/DB.php(253): SQLSTATE[HY000]: General error: 2006 MySQL server has gone away
[2023-08-04, 02:16:01] /home/u302265335/domains/rainbowcreation.net/public_html/core/classes/Database/DB.php(253): SQLSTATE[HY000]: General error: 2006 MySQL server has gone away
[2023-08-04, 02:16:01] /home/u302265335/domains/rainbowcreation.net/public_html/core/classes/Database/DB.php(253): SQLSTATE[HY000]: General error: 2006 MySQL server has gone away
[2023-08-04, 03:22:05] /home/u302265335/domains/rainbowcreation.net/public_html/core/classes/Database/DB.php(253): SQLSTATE[HY000]: General error: 2006 MySQL server has gone away
[2023-08-04, 03:46:29] /home/u302265335/domains/rainbowcreation.net/public_html/core/classes/Database/DB.php(253): SQLSTATE[HY000]: General error: 2006 MySQL server has gone away
[2023-08-04, 04:57:08] /home/u302265335/domains/rainbowcreation.net/public_html/core/classes/Database/DB.php(253): SQLSTATE[HY000]: General error: 2006 MySQL server has gone away
[2023-08-04, 07:19:59] /home/u302265335/domains/rainbowcreation.net/public_html/core/classes/Database/DB.php(253): SQLSTATE[HY000]: General error: 2006 MySQL server has gone away
[2023-08-04, 07:36:23] /home/u302265335/domains/rainbowcreation.net/public_html/core/classes/Database/DB.php(253): SQLSTATE[HY000]: General error: 2006 MySQL server has gone away
[2023-08-04, 09:25:22] /home/u302265335/domains/rainbowcreation.net/public_html/core/classes/Database/DB.php(253): SQLSTATE[HY000]: General error: 2006 MySQL server has gone away
[2023-08-04, 10:41:11] /home/u302265335/domains/rainbowcreation.net/public_html/core/classes/Database/DB.php(253): SQLSTATE[HY000]: General error: 2006 MySQL server has gone away
[2023-08-04, 11:58:02] /home/u302265335/domains/rainbowcreation.net/public_html/core/classes/Database/DB.php(253): SQLSTATE[HY000]: General error: 2006 MySQL server has gone away
[2023-08-04, 15:53:02] /home/u302265335/domains/rainbowcreation.net/public_html/core/classes/Database/DB.php(253): SQLSTATE[HY000]: General error: 2006 MySQL server has gone away
[2023-08-04, 18:48:22] /home/u302265335/domains/rainbowcreation.net/public_html/core/classes/Database/DB.php(253): SQLSTATE[HY000]: General error: 2006 MySQL server has gone away
[2023-08-04, 19:28:46] /home/u302265335/domains/rainbowcreation.net/public_html/core/classes/Database/DB.php(253): SQLSTATE[HY000]: General error: 2006 MySQL server has gone away
[2023-08-05, 00:14:25] /home/u302265335/domains/rainbowcreation.net/public_html/core/classes/Database/DB.php(253): SQLSTATE[HY000]: General error: 2006 MySQL server has gone away
[2023-08-05, 02:25:02] /home/u302265335/domains/rainbowcreation.net/public_html/core/classes/Database/DB.php(253): SQLSTATE[HY000]: General error: 2006 MySQL server has gone away
[2023-08-05, 02:56:25] /home/u302265335/domains/rainbowcreation.net/public_html/core/classes/Database/DB.php(253): SQLSTATE[HY000]: General error: 2006 MySQL server has gone away
[2023-08-05, 03:49:35] /home/u302265335/domains/rainbowcreation.net/public_html/core/classes/Database/DB.php(253): SQLSTATE[HY000]: General error: 2006 MySQL server has gone away
[2023-08-05, 08:55:33] /home/u302265335/domains/rainbowcreation.net/public_html/core/classes/Database/DB.php(253): SQLSTATE[HY000]: General error: 2006 MySQL server has gone away
[2023-08-05, 09:50:03] /home/u302265335/domains/rainbowcreation.net/public_html/core/classes/Database/DB.php(253): SQLSTATE[HY000]: General error: 2006 MySQL server has gone away
[2023-08-05, 11:30:51] /home/u302265335/domains/rainbowcreation.net/public_html/core/classes/Database/DB.php(253): SQLSTATE[HY000]: General error: 2006 MySQL server has gone away
[2023-08-05, 12:03:33] /home/u302265335/domains/rainbowcreation.net/public_html/core/classes/Database/DB.php(253): SQLSTATE[HY000]: General error: 2006 MySQL server has gone away
[2023-08-05, 12:47:28] /home/u302265335/domains/rainbowcreation.net/public_html/core/classes/Database/DB.php(253): SQLSTATE[HY000]: General error: 2006 MySQL server has gone away
[2023-08-05, 13:16:48] /home/u302265335/domains/rainbowcreation.net/public_html/core/classes/Database/DB.php(253): SQLSTATE[HY000]: General error: 2006 MySQL server has gone away
[2023-08-05, 13:43:27] /home/u302265335/domains/rainbowcreation.net/public_html/core/classes/Database/DB.php(253): SQLSTATE[HY000]: General error: 2006 MySQL server has gone away
[2023-08-05, 14:19:04] /home/u302265335/domains/rainbowcreation.net/public_html/core/classes/Database/DB.php(253): SQLSTATE[HY000]: General error: 2006 MySQL server has gone away
[2023-08-05, 16:08:00] /home/u302265335/domains/rainbowcreation.net/public_html/core/classes/Database/DB.php(253): SQLSTATE[HY000]: General error: 2006 MySQL server has gone away
[2023-08-05, 23:37:45] /home/u302265335/domains/rainbowcreation.net/public_html/core/classes/Database/DB.php(253): SQLSTATE[HY000]: General error: 2006 MySQL server has gone away
[2023-08-06, 02:32:06] /home/u302265335/domains/rainbowcreation.net/public_html/core/classes/Database/DB.php(253): SQLSTATE[HY000]: General error: 2006 MySQL server has gone away
[2023-08-06, 08:22:26] /home/u302265335/domains/rainbowcreation.net/public_html/core/classes/Database/DB.php(253): SQLSTATE[HY000]: General error: 2006 MySQL server has gone away
[2023-08-06, 11:44:50] /home/u302265335/domains/rainbowcreation.net/public_html/core/classes/Database/DB.php(253): SQLSTATE[HY000]: General error: 2006 MySQL server has gone away
[2023-08-06, 14:42:22] /home/u302265335/domains/rainbowcreation.net/public_html/core/classes/Database/DB.php(253): SQLSTATE[HY000]: General error: 2006 MySQL server has gone away
[2023-08-06, 15:05:41] /home/u302265335/domains/rainbowcreation.net/public_html/core/classes/Database/DB.php(253): SQLSTATE[HY000]: General error: 2006 MySQL server has gone away
[2023-08-06, 15:35:01] /home/u302265335/domains/rainbowcreation.net/public_html/core/classes/Database/DB.php(253): SQLSTATE[HY000]: General error: 2006 MySQL server has gone away
[2023-08-06, 18:45:57] /home/u302265335/domains/rainbowcreation.net/public_html/core/classes/Database/DB.php(253): SQLSTATE[HY000]: General error: 2006 MySQL server has gone away
[2023-08-06, 19:59:22] /home/u302265335/domains/rainbowcreation.net/public_html/core/classes/Database/DB.php(253): SQLSTATE[HY000]: General error: 2006 MySQL server has gone away
[2023-08-06, 22:14:19] /home/u302265335/domains/rainbowcreation.net/public_html/core/classes/Database/DB.php(253): SQLSTATE[HY000]: General error: 2006 MySQL server has gone away
[2023-08-07, 03:45:34] /home/u302265335/domains/rainbowcreation.net/public_html/core/classes/Database/DB.php(253): SQLSTATE[HY000]: General error: 2006 MySQL server has gone away
[2023-08-07, 04:01:21] /home/u302265335/domains/rainbowcreation.net/public_html/core/classes/Database/DB.php(253): SQLSTATE[HY000]: General error: 2006 MySQL server has gone away
[2023-08-07, 04:24:06] /home/u302265335/domains/rainbowcreation.net/public_html/core/classes/Database/DB.php(253): SQLSTATE[HY000]: General error: 2006 MySQL server has gone away
[2023-08-07, 05:58:16] /home/u302265335/domains/rainbowcreation.net/public_html/core/classes/Database/DB.php(253): SQLSTATE[HY000]: General error: 2006 MySQL server has gone away
[2023-08-07, 08:34:31] /home/u302265335/domains/rainbowcreation.net/public_html/core/classes/Database/DB.php(253): SQLSTATE[HY000]: General error: 2006 MySQL server has gone away
[2023-08-07, 10:31:29] /home/u302265335/domains/rainbowcreation.net/public_html/core/classes/Database/DB.php(253): SQLSTATE[HY000]: General error: 2006 MySQL server has gone away
[2023-08-07, 13:37:16] /home/u302265335/domains/rainbowcreation.net/public_html/core/classes/Database/DB.php(253): SQLSTATE[HY000]: General error: 2006 MySQL server has gone away
[2023-08-07, 15:48:44] /home/u302265335/domains/rainbowcreation.net/public_html/core/classes/Database/DB.php(253): SQLSTATE[HY000]: General error: 2006 MySQL server has gone away
[2023-08-07, 18:28:25] /home/u302265335/domains/rainbowcreation.net/public_html/core/classes/Database/DB.php(253): SQLSTATE[HY000]: General error: 2006 MySQL server has gone away
[2023-08-07, 22:33:35] /home/u302265335/domains/rainbowcreation.net/public_html/core/classes/Database/DB.php(253): SQLSTATE[HY000]: General error: 2006 MySQL server has gone away
[2023-08-07, 23:13:51] /home/u302265335/domains/rainbowcreation.net/public_html/core/classes/Database/DB.php(253): SQLSTATE[HY000]: General error: 2006 MySQL server has gone away
[2023-08-07, 23:30:05] /home/u302265335/domains/rainbowcreation.net/public_html/core/classes/Database/DB.php(253): SQLSTATE[HY000]: General error: 2006 MySQL server has gone away
[2023-08-07, 23:59:49] /home/u302265335/domains/rainbowcreation.net/public_html/core/classes/Database/DB.php(253): SQLSTATE[HY000]: General error: 2006 MySQL server has gone away
[2023-08-08, 05:26:31] /home/u302265335/domains/rainbowcreation.net/public_html/core/classes/Database/DB.php(253): SQLSTATE[HY000]: General error: 2006 MySQL server has gone away
[2023-08-08, 06:25:04] /home/u302265335/domains/rainbowcreation.net/public_html/core/classes/Database/DB.php(253): SQLSTATE[HY000]: General error: 2006 MySQL server has gone away
[2023-08-08, 06:28:53] /home/u302265335/domains/rainbowcreation.net/public_html/core/classes/Database/DB.php(253): SQLSTATE[HY000]: General error: 2006 MySQL server has gone away
[2023-08-08, 06:34:07] /home/u302265335/domains/rainbowcreation.net/public_html/core/classes/Database/DB.php(253): SQLSTATE[HY000]: General error: 2006 MySQL server has gone away
[2023-08-08, 06:36:19] /home/u302265335/domains/rainbowcreation.net/public_html/core/classes/Database/DB.php(253): SQLSTATE[HY000]: General error: 2006 MySQL server has gone away
[2023-08-08, 06:58:50] /home/u302265335/domains/rainbowcreation.net/public_html/core/classes/Database/DB.php(253): SQLSTATE[HY000]: General error: 2006 MySQL server has gone away
